<?xml version="1.0" encoding="UTF-8"?>
<!-- Generated by org.testng.reporters.JUnitXMLReporter -->
<testsuite ignored="0" hostname="Lenovo-PC" failures="2" tests="4" name="automationpractice test cases" time="87.826" errors="0" timestamp="11 Jun 2019 07:30:37 GMT">
  <testcase classname="com.qa.testcases.CreateNewAccountPageTest" name="createnewAccount" time="1.511">
    <failure type="java.lang.NullPointerException">
      <![CDATA[java.lang.NullPointerException
at com.qa.testcases.CreateNewAccountPageTest.createnewAccount(CreateNewAccountPageTest.java:44)
... Removed 25 stack frames]]>
    </failure>
  </testcase> <!-- createnewAccount -->
  <testcase classname="com.qa.testcases.CreateNewAccountPageTest" name="createnewAccount" time="1.558">
    <failure type="java.lang.NullPointerException">
      <![CDATA[java.lang.NullPointerException
at com.qa.testcases.CreateNewAccountPageTest.createnewAccount(CreateNewAccountPageTest.java:44)
... Removed 25 stack frames]]>
    </failure>
  </testcase> <!-- createnewAccount -->
  <testcase classname="com.qa.testcases.SignInPageTest" name="verifysigninTitleTest" time="0.016"/>
  <testcase classname="com.qa.testcases.WomenPageTest" name="verifyWomenlabe" time="0.088"/>
</testsuite> <!-- automationpractice test cases -->
